INFO: [VRFC 10-2263] Analyzing Verilog file "D:/Study/HK222/PAPER/Practice/Accumulator/Accumulator.sim/sim_1/synth/timing/xsim/accmulator_tb_time_synth.v" into library xil_defaultlib
INFO: [VRFC 10-311] analyzing module Accumulator
INFO: [VRFC 10-311] analyzing module accmulator_tb
INFO: [VRFC 10-311] analyzing module accumulator_gen
INFO: [VRFC 10-311] analyzing module c_accum_1
INFO: [VRFC 10-311] analyzing module c_accum_1_HD189
INFO: [VRFC 10-311] analyzing module c_accum_1_HD198
INFO: [VRFC 10-311] analyzing module c_accum_1_HD207
INFO: [VRFC 10-311] analyzing module c_accum_1_HD216
INFO: [VRFC 10-311] analyzing module c_accum_1_c_accum_v12_0_14
INFO: [VRFC 10-311] analyzing module c_accum_1_c_accum_v12_0_14_HD190
INFO: [VRFC 10-311] analyzing module c_accum_1_c_accum_v12_0_14_HD199
INFO: [VRFC 10-311] analyzing module c_accum_1_c_accum_v12_0_14_HD208
INFO: [VRFC 10-311] analyzing module c_accum_1_c_accum_v12_0_14_HD217
INFO: [VRFC 10-311] analyzing module c_accum_1_c_accum_v12_0_14_fabric_legacy
INFO: [VRFC 10-311] analyzing module c_accum_1_c_accum_v12_0_14_fabric_legacy_HD193
INFO: [VRFC 10-311] analyzing module c_accum_1_c_accum_v12_0_14_fabric_legacy_HD202
INFO: [VRFC 10-311] analyzing module c_accum_1_c_accum_v12_0_14_fabric_legacy_HD211
INFO: [VRFC 10-311] analyzing module c_accum_1_c_accum_v12_0_14_fabric_legacy_HD220
INFO: [VRFC 10-311] analyzing module c_accum_1_c_accum_v12_0_14_legacy
INFO: [VRFC 10-311] analyzing module c_accum_1_c_accum_v12_0_14_legacy_HD192
INFO: [VRFC 10-311] analyzing module c_accum_1_c_accum_v12_0_14_legacy_HD201
INFO: [VRFC 10-311] analyzing module c_accum_1_c_accum_v12_0_14_legacy_HD210
INFO: [VRFC 10-311] analyzing module c_accum_1_c_accum_v12_0_14_legacy_HD219
INFO: [VRFC 10-311] analyzing module c_accum_1_c_accum_v12_0_14_viv
INFO: [VRFC 10-311] analyzing module c_accum_1_c_accum_v12_0_14_viv_HD191
INFO: [VRFC 10-311] analyzing module c_accum_1_c_accum_v12_0_14_viv_HD200
INFO: [VRFC 10-311] analyzing module c_accum_1_c_accum_v12_0_14_viv_HD209
INFO: [VRFC 10-311] analyzing module c_accum_1_c_accum_v12_0_14_viv_HD218
INFO: [VRFC 10-311] analyzing module c_accum_1_c_addsub_v12_0_14_fabric_legacy
INFO: [VRFC 10-311] analyzing module c_accum_1_c_addsub_v12_0_14_fabric_legacy_HD195
INFO: [VRFC 10-311] analyzing module c_accum_1_c_addsub_v12_0_14_fabric_legacy_HD204
INFO: [VRFC 10-311] analyzing module c_accum_1_c_addsub_v12_0_14_fabric_legacy_HD213
INFO: [VRFC 10-311] analyzing module c_accum_1_c_addsub_v12_0_14_fabric_legacy_HD222
INFO: [VRFC 10-311] analyzing module c_accum_1_c_addsub_v12_0_14_legacy
INFO: [VRFC 10-311] analyzing module c_accum_1_c_addsub_v12_0_14_legacy_HD194
INFO: [VRFC 10-311] analyzing module c_accum_1_c_addsub_v12_0_14_legacy_HD203
INFO: [VRFC 10-311] analyzing module c_accum_1_c_addsub_v12_0_14_legacy_HD212
INFO: [VRFC 10-311] analyzing module c_accum_1_c_addsub_v12_0_14_legacy_HD221
INFO: [VRFC 10-311] analyzing module c_accum_1_c_addsub_v12_0_14_lut6_legacy
INFO: [VRFC 10-311] analyzing module c_accum_1_c_addsub_v12_0_14_lut6_legacy_HD196
INFO: [VRFC 10-311] analyzing module c_accum_1_c_addsub_v12_0_14_lut6_legacy_HD205
INFO: [VRFC 10-311] analyzing module c_accum_1_c_addsub_v12_0_14_lut6_legacy_HD214
INFO: [VRFC 10-311] analyzing module c_accum_1_c_addsub_v12_0_14_lut6_legacy_HD223
INFO: [VRFC 10-311] analyzing module c_accum_1_c_reg_fd_v12_0_6_viv
INFO: [VRFC 10-311] analyzing module c_accum_1_c_reg_fd_v12_0_6_viv_HD197
INFO: [VRFC 10-311] analyzing module c_accum_1_c_reg_fd_v12_0_6_viv_HD206
INFO: [VRFC 10-311] analyzing module c_accum_1_c_reg_fd_v12_0_6_viv_HD215
INFO: [VRFC 10-311] analyzing module c_accum_1_c_reg_fd_v12_0_6_viv_HD224
INFO: [VRFC 10-311] analyzing module glbl
