Copyright 1986-2022 Xilinx, Inc. All Rights Reserved.
-----------------------------------------------------------------------------------------------------------------
| Tool Version : Vivado v.2022.2 (win64) Build 3671981 Fri Oct 14 05:00:03 MDT 2022
| Date         : Wed Jan 18 01:39:12 2023
| Host         : DESKTOP-BR8935G running 64-bit major release  (build 9200)
| Command      : report_utilization -file Accumulator_utilization_synth.rpt -pb Accumulator_utilization_synth.pb
| Design       : Accumulator
| Device       : xck26-sfvc784-2LV-c
| Speed File   : -2LV
| Design State : Synthesized
-----------------------------------------------------------------------------------------------------------------

Utilization Design Information

Table of Contents
-----------------
1. CLB Logic
1.1 Summary of Registers by Type
2. BLOCKRAM
3. ARITHMETIC
4. I/O
5. CLOCK
6. ADVANCED
7. CONFIGURATION
8. Primitives
9. Black Boxes
10. Instantiated Netlists

1. CLB Logic
------------

+----------------------------+------+-------+------------+-----------+-------+
|          Site Type         | Used | Fixed | Prohibited | Available | Util% |
+----------------------------+------+-------+------------+-----------+-------+
| CLB LUTs*                  |   47 |     0 |          0 |    117120 |  0.04 |
|   LUT as Logic             |   39 |     0 |          0 |    117120 |  0.03 |
|   LUT as Memory            |    8 |     0 |          0 |     57600 |  0.01 |
|     LUT as Distributed RAM |    8 |     0 |            |           |       |
|     LUT as Shift Register  |    0 |     0 |            |           |       |
| CLB Registers              |  133 |     0 |          0 |    234240 |  0.06 |
|   Register as Flip Flop    |  129 |     0 |          0 |    234240 |  0.06 |
|   Register as Latch        |    4 |     0 |          0 |    234240 | <0.01 |
| CARRY8                     |    0 |     0 |          0 |     14640 |  0.00 |
| F7 Muxes                   |    1 |     0 |          0 |     58560 | <0.01 |
| F8 Muxes                   |    0 |     0 |          0 |     29280 |  0.00 |
| F9 Muxes                   |    0 |     0 |          0 |     14640 |  0.00 |
+----------------------------+------+-------+------------+-----------+-------+
* Warning! The Final LUT count, after physical optimizations and full implementation, is typically lower. Run opt_design after synthesis, if not already completed, for a more realistic count.
Warning! LUT value is adjusted to account for LUT combining.


1.1 Summary of Registers by Type
--------------------------------

+-------+--------------+-------------+--------------+
| Total | Clock Enable | Synchronous | Asynchronous |
+-------+--------------+-------------+--------------+
| 0     |            _ |           - |            - |
| 0     |            _ |           - |          Set |
| 0     |            _ |           - |        Reset |
| 0     |            _ |         Set |            - |
| 0     |            _ |       Reset |            - |
| 0     |          Yes |           - |            - |
| 0     |          Yes |           - |          Set |
| 4     |          Yes |           - |        Reset |
| 0     |          Yes |         Set |            - |
| 129   |          Yes |       Reset |            - |
+-------+--------------+-------------+--------------+


2. BLOCKRAM
-----------

+----------------+------+-------+------------+-----------+-------+
|    Site Type   | Used | Fixed | Prohibited | Available | Util% |
+----------------+------+-------+------------+-----------+-------+
| Block RAM Tile |    0 |     0 |          0 |       144 |  0.00 |
|   RAMB36/FIFO* |    0 |     0 |          0 |       144 |  0.00 |
|   RAMB18       |    0 |     0 |          0 |       288 |  0.00 |
| URAM           |    0 |     0 |          0 |        64 |  0.00 |
+----------------+------+-------+------------+-----------+-------+
* Note: Each Block RAM Tile only has one FIFO logic available and therefore can accommodate only one FIFO36E2 or one FIFO18E2. However, if a FIFO18E2 occupies a Block RAM Tile, that tile can still accommodate a RAMB18E2


3. ARITHMETIC
-------------

+-----------+------+-------+------------+-----------+-------+
| Site Type | Used | Fixed | Prohibited | Available | Util% |
+-----------+------+-------+------------+-----------+-------+
| DSPs      |    0 |     0 |          0 |      1248 |  0.00 |
+-----------+------+-------+------------+-----------+-------+


4. I/O
------

+------------+------+-------+------------+-----------+-------+
|  Site Type | Used | Fixed | Prohibited | Available | Util% |
+------------+------+-------+------------+-----------+-------+
| Bonded IOB |  105 |     0 |          0 |       189 | 55.56 |
+------------+------+-------+------------+-----------+-------+


5. CLOCK
--------

+----------------------+------+-------+------------+-----------+-------+
|       Site Type      | Used | Fixed | Prohibited | Available | Util% |
+----------------------+------+-------+------------+-----------+-------+
| GLOBAL CLOCK BUFFERs |    1 |     0 |          0 |       352 |  0.28 |
|   BUFGCE             |    1 |     0 |          0 |       112 |  0.89 |
|   BUFGCE_DIV         |    0 |     0 |          0 |        16 |  0.00 |
|   BUFG_GT            |    0 |     0 |          0 |        96 |  0.00 |
|   BUFG_PS            |    0 |     0 |          0 |        96 |  0.00 |
|   BUFGCTRL*          |    0 |     0 |          0 |        32 |  0.00 |
| PLL                  |    0 |     0 |          0 |         8 |  0.00 |
| MMCM                 |    0 |     0 |          0 |         4 |  0.00 |
+----------------------+------+-------+------------+-----------+-------+
* Note: Each used BUFGCTRL counts as two GLOBAL CLOCK BUFFERs. This table does not include global clocking resources, only buffer cell usage. See the Clock Utilization Report (report_clock_utilization) for detailed accounting of global clocking resource availability.


6. ADVANCED
-----------

+-----------------+------+-------+------------+-----------+-------+
|    Site Type    | Used | Fixed | Prohibited | Available | Util% |
+-----------------+------+-------+------------+-----------+-------+
| GTHE4_CHANNEL   |    0 |     0 |          0 |         4 |  0.00 |
| GTHE4_COMMON    |    0 |     0 |          0 |         1 |  0.00 |
| OBUFDS_GTE4     |    0 |     0 |          0 |         2 |  0.00 |
| OBUFDS_GTE4_ADV |    0 |     0 |          0 |         2 |  0.00 |
| PCIE40E4        |    0 |     0 |          0 |         2 |  0.00 |
| PS8             |    0 |     0 |          0 |         1 |  0.00 |
| SYSMONE4        |    0 |     0 |          0 |         1 |  0.00 |
| VCU             |    0 |     0 |          0 |         1 |  0.00 |
+-----------------+------+-------+------------+-----------+-------+


7. CONFIGURATION
----------------

+-------------+------+-------+------------+-----------+-------+
|  Site Type  | Used | Fixed | Prohibited | Available | Util% |
+-------------+------+-------+------------+-----------+-------+
| BSCANE2     |    0 |     0 |          0 |         4 |  0.00 |
| DNA_PORTE2  |    0 |     0 |          0 |         1 |  0.00 |
| EFUSE_USR   |    0 |     0 |          0 |         1 |  0.00 |
| FRAME_ECCE4 |    0 |     0 |          0 |         1 |  0.00 |
| ICAPE3      |    0 |     0 |          0 |         2 |  0.00 |
| MASTER_JTAG |    0 |     0 |          0 |         1 |  0.00 |
| STARTUPE3   |    0 |     0 |          0 |         1 |  0.00 |
+-------------+------+-------+------------+-----------+-------+


8. Primitives
-------------

+----------+------+---------------------+
| Ref Name | Used | Functional Category |
+----------+------+---------------------+
| FDRE     |  129 |            Register |
| OBUF     |   89 |                 I/O |
| LUT4     |   23 |                 CLB |
| INBUF    |   16 |                 I/O |
| IBUFCTRL |   16 |              Others |
| LUT2     |   14 |                 CLB |
| LUT3     |    9 |                 CLB |
| RAMS32   |    8 |                 CLB |
| LUT1     |    6 |                 CLB |
| LDCE     |    4 |            Register |
| LUT6     |    2 |                 CLB |
| LUT5     |    2 |                 CLB |
| MUXF7    |    1 |                 CLB |
| BUFGCE   |    1 |               Clock |
+----------+------+---------------------+


9. Black Boxes
--------------

+-----------+------+
|  Ref Name | Used |
+-----------+------+
| c_accum_1 |    5 |
+-----------+------+


10. Instantiated Netlists
-------------------------

+----------+------+
| Ref Name | Used |
+----------+------+


